
> minecraftadmin@1.0.0 dev
> webpack serve --open --config webpack.dev.js


> minecraftadmin@1.0.0 dev
> webpack serve --open --config webpack.dev.js


> minecraftadmin@1.0.0 dev
> webpack serve --open --config webpack.dev.js


> minecraftadmin@1.0.0 dev
> webpack serve --open --config webpack.dev.js


> minecraftadmin@1.0.0 dev
> webpack serve --open --config webpack.dev.js


> minecraftadmin@1.0.0 dev
> webpack serve --open --config webpack.dev.js


> minecraftadmin@1.0.0 dev
> webpack serve --open --config webpack.dev.js


> minecraftadmin@1.0.0 dev
> webpack serve --open --config webpack.dev.js


> minecraftadmin@1.0.0 dev
> webpack serve --open --config webpack.dev.js


> minecraftadmin@1.0.0 dev
> webpack serve --open --config webpack.dev.js


> minecraftadmin@1.0.0 dev
> webpack serve --open --config webpack.dev.js


> minecraftadmin@1.0.0 dev
> webpack serve --open --config webpack.dev.js


> minecraftadmin@1.0.0 dev
> webpack serve --open --config webpack.dev.js


> minecraftadmin@1.0.0 dev
> webpack serve --open --config webpack.dev.js


> minecraftadmin@1.0.0 dev
> webpack serve --open --config webpack.dev.js


> minecraftadmin@1.0.0 dev
> webpack serve --open --config webpack.dev.js


> minecraftadmin@1.0.0 dev
> webpack serve --open --config webpack.dev.js


> minecraftadmin@1.0.0 dev
> webpack serve --open --config webpack.dev.js


> minecraftadmin@1.0.0 dev
> webpack serve --open --config webpack.dev.js


> minecraftadmin@1.0.0 dev
> webpack serve --open --config webpack.dev.js


> minecraftadmin@1.0.0 dev
> webpack serve --open --config webpack.dev.js


> minecraftadmin@1.0.0 dev
> webpack serve --open --config webpack.dev.js


> minecraftadmin@1.0.0 dev
> webpack serve --open --config webpack.dev.js


> minecraftadmin@1.0.0 dev
> webpack serve --open --config webpack.dev.js


> minecraftadmin@1.0.0 dev
> webpack serve --open --config webpack.dev.js


> minecraftadmin@1.0.0 dev
> webpack serve --open --config webpack.dev.js


> minecraftadmin@1.0.0 dev
> webpack serve --open --config webpack.dev.js


> minecraftadmin@1.0.0 dev
> webpack serve --open --config webpack.dev.js


> minecraftadmin@1.0.0 dev
> webpack serve --open --config webpack.dev.js


> minecraftadmin@1.0.0 dev
> webpack serve --open --config webpack.dev.js


> minecraftadmin@1.0.0 dev
> webpack serve --open --config webpack.dev.js


> minecraftadmin@1.0.0 dev
> webpack serve --open --config webpack.dev.js


> minecraftadmin@1.0.0 dev
> webpack serve --open --config webpack.dev.js


> minecraftadmin@1.0.0 dev
> webpack serve --open --config webpack.dev.js


> minecraftadmin@1.0.0 dev
> webpack serve --open --config webpack.dev.js


> minecraftadmin@1.0.0 dev
> webpack serve --open --config webpack.dev.js


> minecraftadmin@1.0.0 dev
> webpack serve --open --config webpack.dev.js


> minecraftadmin@1.0.0 dev
> webpack serve --open --config webpack.dev.js


> minecraftadmin@1.0.0 dev
> webpack serve --open --config webpack.dev.js


> minecraftadmin@1.0.0 dev
> webpack serve --open --config webpack.dev.js


> minecraftadmin@1.0.0 dev
> webpack serve --open --config webpack.dev.js


> minecraftadmin@1.0.0 dev
> webpack serve --open --config webpack.dev.js


> minecraftadmin@1.0.0 dev
> webpack serve --open --config webpack.dev.js


> minecraftadmin@1.0.0 dev
> webpack serve --open --config webpack.dev.js


> minecraftadmin@1.0.0 dev
> webpack serve --open --config webpack.dev.js


> minecraftadmin@1.0.0 dev
> webpack serve --open --config webpack.dev.js


> minecraftadmin@1.0.0 dev
> webpack serve --open --config webpack.dev.js


> minecraftadmin@1.0.0 dev
> webpack serve --open --config webpack.dev.js


> minecraftadmin@1.0.0 dev
> webpack serve --open --config webpack.dev.js


> minecraftadmin@1.0.0 dev
> webpack serve --open --config webpack.dev.js


> minecraftadmin@1.0.0 dev
> webpack serve --open --config webpack.dev.js


> minecraftadmin@1.0.0 dev
> webpack serve --open --config webpack.dev.js


> minecraftadmin@1.0.0 dev
> webpack serve --open --config webpack.dev.js


> minecraftadmin@1.0.0 dev
> webpack serve --open --config webpack.dev.js


> minecraftadmin@1.0.0 dev
> webpack serve --open --config webpack.dev.js


> minecraftadmin@1.0.0 dev
> webpack serve --open --config webpack.dev.js


> minecraftadmin@1.0.0 dev
> webpack serve --open --config webpack.dev.js


> minecraftadmin@1.0.0 dev
> webpack serve --open --config webpack.dev.js


> minecraftadmin@1.0.0 dev
> webpack serve --open --config webpack.dev.js


> minecraftadmin@1.0.0 dev
> webpack serve --open --config webpack.dev.js


> minecraftadmin@1.0.0 dev
> webpack serve --open --config webpack.dev.js


> minecraftadmin@1.0.0 dev
> webpack serve --open --config webpack.dev.js


> minecraftadmin@1.0.0 dev
> webpack serve --open --config webpack.dev.js


> minecraftadmin@1.0.0 dev
> webpack serve --open --config webpack.dev.js


> minecraftadmin@1.0.0 dev
> webpack serve --open --config webpack.dev.js


> minecraftadmin@1.0.0 dev
> webpack serve --open --config webpack.dev.js


> minecraftadmin@1.0.0 dev
> webpack serve --open --config webpack.dev.js


> minecraftadmin@1.0.0 dev
> webpack serve --open --config webpack.dev.js


> minecraftadmin@1.0.0 dev
> webpack serve --open --config webpack.dev.js


> minecraftadmin@1.0.0 dev
> webpack serve --open --config webpack.dev.js


> minecraftadmin@1.0.0 dev
> webpack serve --open --config webpack.dev.js


> minecraftadmin@1.0.0 dev
> webpack serve --open --config webpack.dev.js


> minecraftadmin@1.0.0 dev
> webpack serve --open --config webpack.dev.js


> minecraftadmin@1.0.0 dev
> webpack serve --open --config webpack.dev.js


> minecraftadmin@1.0.0 dev
> webpack serve --open --config webpack.dev.js


> minecraftadmin@1.0.0 dev
> webpack serve --open --config webpack.dev.js


> minecraftadmin@1.0.0 dev
> webpack serve --open --config webpack.dev.js


> minecraftadmin@1.0.0 dev
> webpack serve --open --config webpack.dev.js


> minecraftadmin@1.0.0 dev
> webpack serve --open --config webpack.dev.js


> minecraftadmin@1.0.0 dev
> webpack serve --open --config webpack.dev.js


> minecraftadmin@1.0.0 dev
> webpack serve --open --config webpack.dev.js


> minecraftadmin@1.0.0 dev
> webpack serve --open --config webpack.dev.js


> minecraftadmin@1.0.0 dev
> webpack serve --open --config webpack.dev.js


> minecraftadmin@1.0.0 dev
> webpack serve --open --config webpack.dev.js


> minecraftadmin@1.0.0 dev
> webpack serve --open --config webpack.dev.js


> minecraftadmin@1.0.0 dev
> webpack serve --open --config webpack.dev.js


> minecraftadmin@1.0.0 dev
> webpack serve --open --config webpack.dev.js


> minecraftadmin@1.0.0 dev
> webpack serve --open --config webpack.dev.js


> minecraftadmin@1.0.0 dev
> webpack serve --open --config webpack.dev.js


> minecraftadmin@1.0.0 dev
> webpack serve --open --config webpack.dev.js


> minecraftadmin@1.0.0 dev
> webpack serve --open --config webpack.dev.js


> minecraftadmin@1.0.0 dev
> webpack serve --open --config webpack.dev.js


> minecraftadmin@1.0.0 dev
> webpack serve --open --config webpack.dev.js


> minecraftadmin@1.0.0 dev
> webpack serve --open --config webpack.dev.js


> minecraftadmin@1.0.0 dev
> webpack serve --open --config webpack.dev.js


> minecraftadmin@1.0.0 dev
> webpack serve --open --config webpack.dev.js


> minecraftadmin@1.0.0 dev
> webpack serve --open --config webpack.dev.js


> minecraftadmin@1.0.0 dev
> webpack serve --open --config webpack.dev.js


> minecraftadmin@1.0.0 dev
> webpack serve --open --config webpack.dev.js


> minecraftadmin@1.0.0 dev
> webpack serve --open --config webpack.dev.js


> minecraftadmin@1.0.0 dev
> webpack serve --open --config webpack.dev.js


> minecraftadmin@1.0.0 dev
> webpack serve --open --config webpack.dev.js


> minecraftadmin@1.0.0 dev
> webpack serve --open --config webpack.dev.js


> minecraftadmin@1.0.0 dev
> webpack serve --open --config webpack.dev.js


> minecraftadmin@1.0.0 dev
> webpack serve --open --config webpack.dev.js


> minecraftadmin@1.0.0 dev
> webpack serve --open --config webpack.dev.js


> minecraftadmin@1.0.0 dev
> webpack serve --open --config webpack.dev.js


> minecraftadmin@1.0.0 dev
> webpack serve --open --config webpack.dev.js


> minecraftadmin@1.0.0 dev
> webpack serve --open --config webpack.dev.js


> minecraftadmin@1.0.0 dev
> webpack serve --open --config webpack.dev.js


> minecraftadmin@1.0.0 dev
> webpack serve --open --config webpack.dev.js


> minecraftadmin@1.0.0 dev
> webpack serve --open --config webpack.dev.js


> minecraftadmin@1.0.0 dev
> webpack serve --open --config webpack.dev.js


> minecraftadmin@1.0.0 dev
> webpack serve --open --config webpack.dev.js


> minecraftadmin@1.0.0 dev
> webpack serve --open --config webpack.dev.js


> minecraftadmin@1.0.0 dev
> webpack serve --open --config webpack.dev.js


> minecraftadmin@1.0.0 dev
> webpack serve --open --config webpack.dev.js


> minecraftadmin@1.0.0 dev
> webpack serve --open --config webpack.dev.js


> minecraftadmin@1.0.0 dev
> webpack serve --open --config webpack.dev.js


> minecraftadmin@1.0.0 dev
> webpack serve --open --config webpack.dev.js


> minecraftadmin@1.0.0 dev
> webpack serve --open --config webpack.dev.js


> minecraftadmin@1.0.0 dev
> webpack serve --open --config webpack.dev.js


> minecraftadmin@1.0.0 dev
> webpack serve --open --config webpack.dev.js


> minecraftadmin@1.0.0 dev
> webpack serve --open --config webpack.dev.js


> minecraftadmin@1.0.0 dev
> webpack serve --open --config webpack.dev.js


> minecraftadmin@1.0.0 dev
> webpack serve --open --config webpack.dev.js


> minecraftadmin@1.0.0 dev
> webpack serve --open --config webpack.dev.js


> minecraftadmin@1.0.0 dev
> webpack serve --open --config webpack.dev.js


> minecraftadmin@1.0.0 dev
> webpack serve --open --config webpack.dev.js


> minecraftadmin@1.0.0 dev
> webpack serve --open --config webpack.dev.js


> minecraftadmin@1.0.0 dev
> webpack serve --open --config webpack.dev.js


> minecraftadmin@1.0.0 dev
> webpack serve --open --config webpack.dev.js


> minecraftadmin@1.0.0 dev
> webpack serve --open --config webpack.dev.js


> minecraftadmin@1.0.0 dev
> webpack serve --open --config webpack.dev.js


> minecraftadmin@1.0.0 dev
> webpack serve --open --config webpack.dev.js


> minecraftadmin@1.0.0 dev
> webpack serve --open --config webpack.dev.js


> minecraftadmin@1.0.0 dev
> webpack serve --open --config webpack.dev.js


> minecraftadmin@1.0.0 dev
> webpack serve --open --config webpack.dev.js


> minecraftadmin@1.0.0 dev
> webpack serve --open --config webpack.dev.js


> minecraftadmin@1.0.0 dev
> webpack serve --open --config webpack.dev.js


> minecraftadmin@1.0.0 dev
> webpack serve --open --config webpack.dev.js


> minecraftadmin@1.0.0 dev
> webpack serve --open --config webpack.dev.js


> minecraftadmin@1.0.0 dev
> webpack serve --open --config webpack.dev.js


> minecraftadmin@1.0.0 dev
> webpack serve --open --config webpack.dev.js


> minecraftadmin@1.0.0 dev
> webpack serve --open --config webpack.dev.js


> minecraftadmin@1.0.0 dev
> webpack serve --open --config webpack.dev.js


> minecraftadmin@1.0.0 dev
> webpack serve --open --config webpack.dev.js


> minecraftadmin@1.0.0 dev
> webpack serve --open --config webpack.dev.js


> minecraftadmin@1.0.0 dev
> webpack serve --open --config webpack.dev.js


> minecraftadmin@1.0.0 dev
> webpack serve --open --config webpack.dev.js


> minecraftadmin@1.0.0 dev
> webpack serve --open --config webpack.dev.js


> minecraftadmin@1.0.0 dev
> webpack serve --open --config webpack.dev.js


> minecraftadmin@1.0.0 dev
> webpack serve --open --config webpack.dev.js


> minecraftadmin@1.0.0 dev
> webpack serve --open --config webpack.dev.js


> minecraftadmin@1.0.0 dev
> webpack serve --open --config webpack.dev.js


> minecraftadmin@1.0.0 dev
> webpack serve --open --config webpack.dev.js


> minecraftadmin@1.0.0 dev
> webpack serve --open --config webpack.dev.js


> minecraftadmin@1.0.0 dev
> webpack serve --open --config webpack.dev.js


> minecraftadmin@1.0.0 dev
> webpack serve --open --config webpack.dev.js


> minecraftadmin@1.0.0 dev
> webpack serve --open --config webpack.dev.js


> minecraftadmin@1.0.0 dev
> webpack serve --open --config webpack.dev.js


> minecraftadmin@1.0.0 dev
> webpack serve --open --config webpack.dev.js


> minecraftadmin@1.0.0 dev
> webpack serve --open --config webpack.dev.js


> minecraftadmin@1.0.0 dev
> webpack serve --open --config webpack.dev.js


> minecraftadmin@1.0.0 dev
> webpack serve --open --config webpack.dev.js


> minecraftadmin@1.0.0 dev
> webpack serve --open --config webpack.dev.js


> minecraftadmin@1.0.0 dev
> webpack serve --open --config webpack.dev.js


> minecraftadmin@1.0.0 dev
> webpack serve --open --config webpack.dev.js


> minecraftadmin@1.0.0 dev
> webpack serve --open --config webpack.dev.js


> minecraftadmin@1.0.0 dev
> webpack serve --open --config webpack.dev.js


> minecraftadmin@1.0.0 dev
> webpack serve --open --config webpack.dev.js


> minecraftadmin@1.0.0 dev
> webpack serve --open --config webpack.dev.js


> minecraftadmin@1.0.0 dev
> webpack serve --open --config webpack.dev.js


> minecraftadmin@1.0.0 dev
> webpack serve --open --config webpack.dev.js


> minecraftadmin@1.0.0 dev
> webpack serve --open --config webpack.dev.js


> minecraftadmin@1.0.0 dev
> webpack serve --open --config webpack.dev.js


> minecraftadmin@1.0.0 dev
> webpack serve --open --config webpack.dev.js


> minecraftadmin@1.0.0 dev
> webpack serve --open --config webpack.dev.js


> minecraftadmin@1.0.0 dev
> webpack serve --open --config webpack.dev.js


> minecraftadmin@1.0.0 dev
> webpack serve --open --config webpack.dev.js


> minecraftadmin@1.0.0 dev
> webpack serve --open --config webpack.dev.js


> minecraftadmin@1.0.0 dev
> webpack serve --open --config webpack.dev.js


> minecraftadmin@1.0.0 dev
> webpack serve --open --config webpack.dev.js


> minecraftadmin@1.0.0 dev
> webpack serve --open --config webpack.dev.js


> minecraftadmin@1.0.0 dev
> webpack serve --open --config webpack.dev.js


> minecraftadmin@1.0.0 dev
> webpack serve --open --config webpack.dev.js


> minecraftadmin@1.0.0 dev
> webpack serve --open --config webpack.dev.js


> minecraftadmin@1.0.0 dev
> webpack serve --open --config webpack.dev.js


> minecraftadmin@1.0.0 dev
> webpack serve --open --config webpack.dev.js


> minecraftadmin@1.0.0 dev
> webpack serve --open --config webpack.dev.js


> minecraftadmin@1.0.0 dev
> webpack serve --open --config webpack.dev.js


> minecraftadmin@1.0.0 dev
> webpack serve --open --config webpack.dev.js


> minecraftadmin@1.0.0 dev
> webpack serve --open --config webpack.dev.js


> minecraftadmin@1.0.0 dev
> webpack serve --open --config webpack.dev.js


> minecraftadmin@1.0.0 dev
> webpack serve --open --config webpack.dev.js


> minecraftadmin@1.0.0 dev
> webpack serve --open --config webpack.dev.js


> minecraftadmin@1.0.0 dev
> webpack serve --open --config webpack.dev.js


> minecraftadmin@1.0.0 dev
> webpack serve --open --config webpack.dev.js


> minecraftadmin@1.0.0 dev
> webpack serve --open --config webpack.dev.js


> minecraftadmin@1.0.0 dev
> webpack serve --open --config webpack.dev.js


> minecraftadmin@1.0.0 dev
> webpack serve --open --config webpack.dev.js


> minecraftadmin@1.0.0 dev
> webpack serve --open --config webpack.dev.js


> minecraftadmin@1.0.0 dev
> webpack serve --open --config webpack.dev.js


> minecraftadmin@1.0.0 dev
> webpack serve --open --config webpack.dev.js


> minecraftadmin@1.0.0 dev
> webpack serve --open --config webpack.dev.js


> minecraftadmin@1.0.0 dev
> webpack serve --open --config webpack.dev.js


> minecraftadmin@1.0.0 dev
> webpack serve --open --config webpack.dev.js


> minecraftadmin@1.0.0 dev
> webpack serve --open --config webpack.dev.js


> minecraftadmin@1.0.0 dev
> webpack serve --open --config webpack.dev.js


> minecraftadmin@1.0.0 dev
> webpack serve --open --config webpack.dev.js


> minecraftadmin@1.0.0 dev
> webpack serve --open --config webpack.dev.js


> minecraftadmin@1.0.0 dev
> webpack serve --open --config webpack.dev.js


> minecraftadmin@1.0.0 dev
> webpack serve --open --config webpack.dev.js


> minecraftadmin@1.0.0 dev
> webpack serve --open --config webpack.dev.js


> minecraftadmin@1.0.0 dev
> webpack serve --open --config webpack.dev.js


> minecraftadmin@1.0.0 dev
> webpack serve --open --config webpack.dev.js


> minecraftadmin@1.0.0 dev
> webpack serve --open --config webpack.dev.js


> minecraftadmin@1.0.0 dev
> webpack serve --open --config webpack.dev.js


> minecraftadmin@1.0.0 dev
> webpack serve --open --config webpack.dev.js


> minecraftadmin@1.0.0 dev
> webpack serve --open --config webpack.dev.js


> minecraftadmin@1.0.0 dev
> webpack serve --open --config webpack.dev.js


> minecraftadmin@1.0.0 dev
> webpack serve --open --config webpack.dev.js


> minecraftadmin@1.0.0 dev
> webpack serve --open --config webpack.dev.js


> minecraftadmin@1.0.0 dev
> webpack serve --open --config webpack.dev.js


> minecraftadmin@1.0.0 dev
> webpack serve --open --config webpack.dev.js


> minecraftadmin@1.0.0 dev
> webpack serve --open --config webpack.dev.js


> minecraftadmin@1.0.0 dev
> webpack serve --open --config webpack.dev.js


> minecraftadmin@1.0.0 dev
> webpack serve --open --config webpack.dev.js


> minecraftadmin@1.0.0 dev
> webpack serve --open --config webpack.dev.js


> minecraftadmin@1.0.0 dev
> webpack serve --open --config webpack.dev.js


> minecraftadmin@1.0.0 dev
> webpack serve --open --config webpack.dev.js


> minecraftadmin@1.0.0 dev
> webpack serve --open --config webpack.dev.js


> minecraftadmin@1.0.0 dev
> webpack serve --open --config webpack.dev.js


> minecraftadmin@1.0.0 dev
> webpack serve --open --config webpack.dev.js


> minecraftadmin@1.0.0 dev
> webpack serve --open --config webpack.dev.js


> minecraftadmin@1.0.0 dev
> webpack serve --open --config webpack.dev.js


> minecraftadmin@1.0.0 dev
> webpack serve --open --config webpack.dev.js


> minecraftadmin@1.0.0 dev
> webpack serve --open --config webpack.dev.js


> minecraftadmin@1.0.0 dev
> webpack serve --open --config webpack.dev.js


> minecraftadmin@1.0.0 dev
> webpack serve --open --config webpack.dev.js


> minecraftadmin@1.0.0 dev
> webpack serve --open --config webpack.dev.js


> minecraftadmin@1.0.0 dev
> webpack serve --open --config webpack.dev.js


> minecraftadmin@1.0.0 dev
> webpack serve --open --config webpack.dev.js


> minecraftadmin@1.0.0 dev
> webpack serve --open --config webpack.dev.js


> minecraftadmin@1.0.0 dev
> webpack serve --open --config webpack.dev.js


> minecraftadmin@1.0.0 dev
> webpack serve --open --config webpack.dev.js


> minecraftadmin@1.0.0 dev
> webpack serve --open --config webpack.dev.js


> minecraftadmin@1.0.0 dev
> webpack serve --open --config webpack.dev.js


> minecraftadmin@1.0.0 dev
> webpack serve --open --config webpack.dev.js


> minecraftadmin@1.0.0 dev
> webpack serve --open --config webpack.dev.js


> minecraftadmin@1.0.0 dev
> webpack serve --open --config webpack.dev.js


> minecraftadmin@1.0.0 dev
> webpack serve --open --config webpack.dev.js


> minecraftadmin@1.0.0 dev
> webpack serve --open --config webpack.dev.js


> minecraftadmin@1.0.0 dev
> webpack serve --open --config webpack.dev.js


> minecraftadmin@1.0.0 dev
> webpack serve --open --config webpack.dev.js


> minecraftadmin@1.0.0 dev
> webpack serve --open --config webpack.dev.js


> minecraftadmin@1.0.0 dev
> webpack serve --open --config webpack.dev.js


> minecraftadmin@1.0.0 dev
> webpack serve --open --config webpack.dev.js


> minecraftadmin@1.0.0 dev
> webpack serve --open --config webpack.dev.js


> minecraftadmin@1.0.0 dev
> webpack serve --open --config webpack.dev.js


> minecraftadmin@1.0.0 dev
> webpack serve --open --config webpack.dev.js


> minecraftadmin@1.0.0 dev
> webpack serve --open --config webpack.dev.js


> minecraftadmin@1.0.0 dev
> webpack serve --open --config webpack.dev.js


> minecraftadmin@1.0.0 dev
> webpack serve --open --config webpack.dev.js


> minecraftadmin@1.0.0 dev
> webpack serve --open --config webpack.dev.js


> minecraftadmin@1.0.0 dev
> webpack serve --open --config webpack.dev.js


> minecraftadmin@1.0.0 dev
> webpack serve --open --config webpack.dev.js


> minecraftadmin@1.0.0 dev
> webpack serve --open --config webpack.dev.js


> minecraftadmin@1.0.0 dev
> webpack serve --config webpack.dev.js

assets by path *.js 3.2 MiB
  asset bundle.js 3.19 MiB [emitted] (name: main)
  asset node_modules_web-vitals_dist_web-vitals_js.bundle.js 12.3 KiB [emitted]
asset index.html 1.76 KiB [emitted]
asset static/creeper.png 919 bytes [emitted] [from: src/creeper.png] (auxiliary name: main)
orphan modules 190 KiB [orphan] 140 modules
runtime modules 30.2 KiB 14 modules
cacheable modules 1.17 MiB
  modules by path ./node_modules/ 1.16 MiB 38 modules
  modules by path ./src/ 12.9 KiB
    modules by path ./src/*.css 10.4 KiB 4 modules
    modules by path ./src/*.js 2.47 KiB
      ./src/index.js 675 bytes [built] [code generated]
      ./src/App.js 1.31 KiB [built] [code generated]
      ./src/reportWebVitals.js 511 bytes [built] [code generated]
    ./src/creeper.png 62 bytes [built] [code generated]
webpack 5.65.0 compiled successfully in 5613 ms
assets by status 13.2 KiB [cached] 2 assets
assets by status 3.2 MiB [emitted]
  assets by path *.js 3.2 MiB
    asset bundle.js 3.19 MiB [emitted] (name: main)
    asset main.9210b94d8c4ee1b314f9.hot-update.js 15.1 KiB [emitted] [immutable] [hmr] (name: main)
  asset index.html 1.76 KiB [emitted]
  asset main.9210b94d8c4ee1b314f9.hot-update.json 28 bytes [emitted] [immutable] [hmr]
Entrypoint main 3.2 MiB (919 bytes) = bundle.js 3.19 MiB main.9210b94d8c4ee1b314f9.hot-update.js 15.1 KiB 1 auxiliary asset
cached modules 1.35 MiB [cached] 190 modules
runtime modules 30.2 KiB 14 modules
./node_modules/css-loader/dist/cjs.js!./src/App.css 4.57 KiB [built] [code generated]
webpack 5.65.0 compiled successfully in 565 ms
assets by status 13.2 KiB [cached] 2 assets
assets by status 3.2 MiB [emitted]
  assets by path *.js 3.2 MiB
    asset bundle.js 3.19 MiB [emitted] (name: main)
    asset main.8ac4821a482c986a0e2a.hot-update.js 15.1 KiB [emitted] [immutable] [hmr] (name: main)
  asset index.html 1.76 KiB [emitted]
  asset main.8ac4821a482c986a0e2a.hot-update.json 28 bytes [emitted] [immutable] [hmr]
Entrypoint main 3.2 MiB (919 bytes) = bundle.js 3.19 MiB main.8ac4821a482c986a0e2a.hot-update.js 15.1 KiB 1 auxiliary asset
cached modules 1.35 MiB [cached] 190 modules
runtime modules 30.2 KiB 14 modules
./node_modules/css-loader/dist/cjs.js!./src/App.css 4.57 KiB [built] [code generated]
webpack 5.65.0 compiled successfully in 453 ms

> minecraftadmin@1.0.0 dev
> webpack serve --config webpack.dev.js

assets by path *.js 3.2 MiB
  asset bundle.js 3.19 MiB [emitted] (name: main)
  asset node_modules_web-vitals_dist_web-vitals_js.bundle.js 12.3 KiB [emitted]
asset index.html 1.76 KiB [emitted]
asset static/creeper.png 919 bytes [emitted] [from: src/creeper.png] (auxiliary name: main)
orphan modules 190 KiB [orphan] 140 modules
runtime modules 30.2 KiB 14 modules
cacheable modules 1.17 MiB
  modules by path ./node_modules/ 1.16 MiB 38 modules
  modules by path ./src/ 12.9 KiB
    modules by path ./src/*.css 10.4 KiB 4 modules
    modules by path ./src/*.js 2.47 KiB
      ./src/index.js 675 bytes [built] [code generated]
      ./src/App.js 1.31 KiB [built] [code generated]
      ./src/reportWebVitals.js 511 bytes [built] [code generated]
    ./src/creeper.png 62 bytes [built] [code generated]
webpack 5.65.0 compiled successfully in 6546 ms

> minecraftadmin@1.0.0 dev
> webpack serve --config webpack.dev.js

assets by path *.js 3.2 MiB
  asset bundle.js 3.19 MiB [emitted] (name: main)
  asset node_modules_web-vitals_dist_web-vitals_js.bundle.js 12.3 KiB [emitted]
asset index.html 1.76 KiB [emitted]
asset static/creeper.png 919 bytes [emitted] [from: src/creeper.png] (auxiliary name: main)
orphan modules 190 KiB [orphan] 140 modules
runtime modules 30.2 KiB 14 modules
cacheable modules 1.17 MiB
  modules by path ./node_modules/ 1.16 MiB 38 modules
  modules by path ./src/ 12.9 KiB
    modules by path ./src/*.css 10.4 KiB 4 modules
    modules by path ./src/*.js 2.47 KiB
      ./src/index.js 675 bytes [built] [code generated]
      ./src/App.js 1.31 KiB [built] [code generated]
      ./src/reportWebVitals.js 511 bytes [built] [code generated]
    ./src/creeper.png 62 bytes [built] [code generated]
webpack 5.65.0 compiled successfully in 2050573 ms

> minecraftadmin@1.0.0 dev
> webpack serve --config webpack.dev.js

assets by path *.js 3.2 MiB
  asset bundle.js 3.19 MiB [emitted] (name: main)
  asset node_modules_web-vitals_dist_web-vitals_js.bundle.js 12.3 KiB [emitted]
asset index.html 1.76 KiB [emitted]
asset static/creeper.png 919 bytes [emitted] [from: src/creeper.png] (auxiliary name: main)
orphan modules 190 KiB [orphan] 140 modules
runtime modules 30.2 KiB 14 modules
cacheable modules 1.17 MiB
  modules by path ./node_modules/ 1.16 MiB 38 modules
  modules by path ./src/ 12.9 KiB
    modules by path ./src/*.css 10.4 KiB 4 modules
    modules by path ./src/*.js 2.47 KiB
      ./src/index.js 675 bytes [built] [code generated]
      ./src/App.js 1.31 KiB [built] [code generated]
      ./src/reportWebVitals.js 511 bytes [built] [code generated]
    ./src/creeper.png 62 bytes [built] [code generated]
webpack 5.65.0 compiled successfully in 6510 ms
